<?xml version="1.0" encoding="UTF-8"?>
<!-- Generated by org.testng.reporters.JUnitReportReporter -->
<testsuite hostname="Lakshmi" failures="0" tests="2" name="tests.DiabalePasswordManageFeatures" time="26.808" errors="0" timestamp="2024-12-18T16:53:40 MST" skipped="0">
  <testcase classname="tests.DiabalePasswordManageFeatures" name="navigateToOpenCart" time="13.621"/>
  <testcase classname="tests.DiabalePasswordManageFeatures" name="loginToOpenCart" time="13.187"/>
</testsuite> <!-- tests.DiabalePasswordManageFeatures -->
