<?xml version="1.0" encoding="UTF-8"?>
<!-- Generated by org.testng.reporters.JUnitReportReporter -->
<testsuite hostname="Lakshmi" failures="0" tests="1" name="tests.DiabalePasswordManageFeatures" time="8.090" errors="0" timestamp="2024-12-12T09:27:56 MST" skipped="0">
  <testcase classname="tests.DiabalePasswordManageFeatures" name="loginToOpenCart" time="8.090"/>
</testsuite> <!-- tests.DiabalePasswordManageFeatures -->
